<?xml version="1.0" encoding="UTF-8"?>
<!-- Generated by org.testng.reporters.JUnitReportReporter -->
<testsuite hostname="DESKTOP-NJ5CH4K" failures="0" tests="3" name="TrialE2E.TrialE2E.TestHomePageTests" time="10.028" errors="0" timestamp="10 Jun 2019 14:56:09 GMT" skipped="0">
  <testcase classname="TrialE2E.TrialE2E.TestHomePageTests" name="HomePageTest" time="3.305"/>
  <testcase classname="TrialE2E.TrialE2E.TestHomePageTests" name="HomePageTest" time="3.040"/>
  <testcase classname="TrialE2E.TrialE2E.TestHomePageTests" name="HomePageTest" time="3.683"/>
</testsuite> <!-- TrialE2E.TrialE2E.TestHomePageTests -->
