<?xml version="1.0" encoding="UTF-8"?>
<!-- Generated by org.testng.reporters.JUnitReportReporter -->
<testsuite hostname="DESKTOP-NJ5CH4K" failures="0" tests="1" name="TrialE2E.TrialE2E.MyTestClass" time="3.969" errors="0" timestamp="17 May 2019 14:47:14 GMT" skipped="0">
  <testcase classname="TrialE2E.TrialE2E.MyTestClass" name="tryTest1" time="3.969"/>
</testsuite> <!-- TrialE2E.TrialE2E.MyTestClass -->
