<?xml version="1.0" encoding="UTF-8"?>
<!-- Generated by org.testng.reporters.JUnitReportReporter -->
<testsuite hostname="DESKTOP-NJ5CH4K" failures="0" tests="1" name="TrialE2E.TrialE2E.MyClass" time="0.017" errors="0" timestamp="17 May 2019 13:41:19 GMT" skipped="0">
  <testcase classname="TrialE2E.TrialE2E.MyClass" name="try1" time="0.017"/>
</testsuite> <!-- TrialE2E.TrialE2E.MyClass -->
