<?xml version="1.0" encoding="UTF-8"?>
<!-- Generated by org.testng.reporters.JUnitReportReporter -->
<testsuite hostname="DESKTOP-NJ5CH4K" failures="0" tests="3" name="TrialE2E.TrialE2E.HomePageTests" time="12.291" errors="0" timestamp="04 Jun 2019 15:59:57 GMT" skipped="0">
  <testcase classname="TrialE2E.TrialE2E.HomePageTests" name="HomePageTest" time="3.970"/>
  <testcase classname="TrialE2E.TrialE2E.HomePageTests" name="HomePageTest" time="3.813"/>
  <testcase classname="TrialE2E.TrialE2E.HomePageTests" name="HomePageTest" time="4.508"/>
</testsuite> <!-- TrialE2E.TrialE2E.HomePageTests -->
