<?xml version="1.0" encoding="UTF-8"?>
<!-- Generated by org.testng.reporters.JUnitReportReporter -->
<testsuite hostname="DESKTOP-NJ5CH4K" failures="0" tests="3" name="TrialE2E.TrialE2E.TestHomePageTests" time="11.367" errors="0" timestamp="05 Jun 2019 22:17:16 GMT" skipped="0">
  <testcase classname="TrialE2E.TrialE2E.TestHomePageTests" name="HomePageTest" time="3.522"/>
  <testcase classname="TrialE2E.TrialE2E.TestHomePageTests" name="HomePageTest" time="4.840"/>
  <testcase classname="TrialE2E.TrialE2E.TestHomePageTests" name="HomePageTest" time="3.005"/>
</testsuite> <!-- TrialE2E.TrialE2E.TestHomePageTests -->
