<?xml version="1.0" encoding="UTF-8"?>
<!-- Generated by org.testng.reporters.JUnitReportReporter -->
<testsuite hostname="DESKTOP-NJ5CH4K" failures="0" tests="3" name="TrialE2E.TrialE2E.TestHomePageTests" time="16.361" errors="0" timestamp="10 Jun 2019 15:27:51 GMT" skipped="0">
  <testcase classname="TrialE2E.TrialE2E.TestHomePageTests" name="HomePageTest" time="4.856"/>
  <testcase classname="TrialE2E.TrialE2E.TestHomePageTests" name="HomePageTest" time="6.052"/>
  <testcase classname="TrialE2E.TrialE2E.TestHomePageTests" name="HomePageTest" time="5.453"/>
</testsuite> <!-- TrialE2E.TrialE2E.TestHomePageTests -->
