<?xml version="1.0" encoding="UTF-8"?>
<!-- Generated by org.testng.reporters.JUnitReportReporter -->
<testsuite hostname="DESKTOP-NJ5CH4K" failures="0" tests="1" name="TrialE2E.TrialE2E.ValidateLogInMessage" time="8.910" errors="0" timestamp="22 May 2019 22:10:14 GMT" skipped="0">
  <testcase classname="TrialE2E.TrialE2E.ValidateLogInMessage" name="TextValidation" time="8.910"/>
</testsuite> <!-- TrialE2E.TrialE2E.ValidateLogInMessage -->
